<?xml version="1.0" encoding="UTF-8"?>
<!-- Generated by org.testng.reporters.JUnitReportReporter -->
<testsuite skipped="0" hostname="DESKTOP-AGFPFCB" name="com.qa.rest.tests.GetandPost" tests="2" failures="0" timestamp="12 Sep 2021 14:51:35 GMT" time="7.924" errors="0">
  <testcase name="testGet" time="6.509" classname="com.qa.rest.tests.GetandPost"/>
  <testcase name="testPost" time="1.415" classname="com.qa.rest.tests.GetandPost"/>
</testsuite> <!-- com.qa.rest.tests.GetandPost -->
