<?xml version="1.0" encoding="UTF-8"?>
<!-- Generated by org.testng.reporters.JUnitReportReporter -->
<testsuite skipped="0" hostname="DESKTOP-AGFPFCB" name="com.qa.rest.tests.GetCallBDD" tests="2" failures="0" timestamp="12 Sep 2021 13:52:49 GMT" time="5.562" errors="0">
  <testcase name="GetCall" time="3.046" classname="com.qa.rest.tests.GetCallBDD"/>
  <testcase name="GetCall2" time="2.516" classname="com.qa.rest.tests.GetCallBDD"/>
</testsuite> <!-- com.qa.rest.tests.GetCallBDD -->
